Arguments: 
  C:\dev\tools\nodejs\node.exe C:\dev\tools\nodejs\node_modules\yarn\bin\yarn.js

PATH: 
  C:\Python311\Scripts\;C:\Python311\;C:\windows\system32;C:\windows;C:\windows\System32\Wbem;C:\windows\System32\WindowsPowerShell\v1.0\;C:\windows\System32\OpenSSH\;C:\Program Files\Git\cmd;C:\Users\chandsa\AppData\Local\Microsoft\WindowsApps;C:\ProgramData\chocoportable\bin;C:\dev\jdk-17.0.8\bin;C:\Users\chandsa\AppData\Local\Programs\Microsoft VS Code\bin;C:\dev\tools\nodejs;

Yarn version: 
  1.22.19

Node version: 
  18.17.1

Platform: 
  win32 x64

Trace: 
  Error: EPERM: operation not permitted, mkdir 'C:\dev\eth\SolanaLimitOrderBot\node_modules\ethers\node_modules'

npm manifest: 
  {
    "name": "calltracker",
    "version": "1.0.0",
    "description": "CallTracker",
    "main": "index.js",
    "scripts": {
      "dev": "concurrently -k -n \"Typescript,Node\" -p \"[{name}]\" -c \"blue,green\" \"tsc --watch\" \"nodemon dist/index.js\" && tslint",
      "lint": "tslint --project tsconfig.json --force",
      "start": "tsc && node dist/app.js"
    },
    "author": "dexbotdev",
    "license": "ISC",
    "dependencies": { 
      "@mtproto/core": "^6.2.0", 
      "@ptkdev/logger": "^1.8.0", 
      "axios": "^1.5.0",
      "emitter": "^0.0.5",
      "ethers": "^6.7.1",
      "events": "^3.3.0",
      "fetch": "^1.1.0",
      "input": "^1.0.1",
      "moment": "^2.29.4",
      "node-fetch": "^3.3.0",
      "node-telegram-bot-api": "^0.63.0",
      "sequelize": "^6.33.0",
      "sqlite3": "^5.1.6",
      "telegram": "^2.18.26",
      "tsc": "^2.0.4",
      "ws": "^8.12.1",
      "@coral-xyz/anchor": "0.28.1-beta.1",
      "@jup-ag/limit-order-sdk": "^0.1.7",
      "@solana/web3.js": "^1.78.4",
      "decimal.js": "^10.4.3",
      "dotenv": "^16.3.1"
    },
    "devDependencies": {
      "@types/express": "^4.17.17",
      "@types/jest": "^29.4.0",
      "@types/node": "^18.14.6",
      "ts-node": "^10.9.1",
      "@types/bn.js": "^5.1.1",
      "typescript": "^4.9.5"
    }
  }

yarn manifest: 
  No manifest

Lockfile: 
  No lockfile
